[DEBUG Thread:AWT-EventQueue-0 debuger.run] - GUI object was created - 2016-09-16 11:50:02,945
[DEBUG Thread:AWT-EventQueue-0 debuger.actionPerformed] - Browse button was clicked - 2016-09-16 11:50:04,147
[DEBUG Thread:AWT-EventQueue-0 debuger.actionPerformed] - Opened file: C:\Users\mgazim\workspace\SpeechTranslator\samples\bonjour-google.wav - 2016-09-16 11:50:08,441
[DEBUG Thread:AWT-EventQueue-0 debuger.actionPerformed] - Translate button was clicked - 2016-09-16 11:50:13,434
[DEBUG Thread:Translator debuger.run] - Run translation thread - 2016-09-16 11:50:13,438
[DEBUG Thread:Translator debuger.run] - Recognition language set to fr-ca - 2016-09-16 11:50:13,479
[DEBUG Thread:Translator debuger.run] - Start of recognition process - 2016-09-16 11:50:13,479
[DEBUG Thread:Translator debuger.recognize] - recognize() method started - 2016-09-16 11:50:13,480
[DEBUG Thread:Translator debuger.sendRequest] - proxy02.merann.ru proxy used for connection, port 8080 - 2016-09-16 11:50:13,483
[DEBUG Thread:Translator debuger.sendRequest] - Got the response from Google server - 2016-09-16 11:50:14,450
[DEBUG Thread:AWT-EventQueue-0 debuger.actionPerformed] - Abort Button was clicked - 2016-09-16 11:50:14,866
[DEBUG Thread:Translator debuger.fromJsonToText] - Trying to get tent from the Google response - 2016-09-16 11:50:15,355
[DEBUG Thread:Translator debuger.run] - Thread was canceled - 2016-09-16 11:50:15,373
[DEBUG Thread:AWT-EventQueue-0 debuger.run] - GUI object was created - 2016-09-19 10:25:20,949
[DEBUG Thread:AWT-EventQueue-0 debuger.run] - GUI object was created - 2016-09-19 10:25:24,406
[DEBUG Thread:AWT-EventQueue-0 debuger.run] - GUI object was created - 2016-09-19 10:30:31,709
[DEBUG Thread:AWT-EventQueue-0 debuger.actionPerformed] - Browse button was clicked - 2016-09-19 10:30:32,735
[DEBUG Thread:AWT-EventQueue-0 debuger.run] - GUI object was created - 2016-09-19 10:32:08,891
[DEBUG Thread:AWT-EventQueue-0 debuger.run] - GUI object was created - 2016-09-19 10:32:15,051
[DEBUG Thread:AWT-EventQueue-0 debuger.run] - GUI object was created - 2016-09-19 10:55:31,707
[DEBUG Thread:AWT-EventQueue-0 debuger.actionPerformed] - Browse button was clicked - 2016-09-19 10:55:32,724
[DEBUG Thread:AWT-EventQueue-0 debuger.actionPerformed] - Opened file: C:\Users\mgazim\Desktop\Arabic_AA_DISAMBIG_REJ1_ONE_CHOICE_VUI.wav - 2016-09-19 10:55:37,251
[DEBUG Thread:AWT-EventQueue-0 debuger.actionPerformed] - Play button was clicked - 2016-09-19 10:55:38,956
[DEBUG Thread:AWT-EventQueue-0 debuger.actionPerformed] - Translate button was clicked - 2016-09-19 10:55:42,516
[DEBUG Thread:Translator debuger.run] - Run translation thread - 2016-09-19 10:55:42,520
[DEBUG Thread:Translator debuger.run] - Recognition language set to ar-sa - 2016-09-19 10:55:42,527
[DEBUG Thread:Translator debuger.run] - Start of recognition process - 2016-09-19 10:55:42,527
[DEBUG Thread:Translator debuger.recognize] - recognize() method started - 2016-09-19 10:55:42,527
[DEBUG Thread:Java Sound Event Dispatcher debuger.update] - EventType=STOP close Clip object - 2016-09-19 10:55:43,530
[DEBUG Thread:Translator debuger.<init>] - SplitPanel object initialization - 2016-09-19 10:55:43,535
[DEBUG Thread:Translator debuger.<init>] - WaveformPanelContainer object initialization - 2016-09-19 10:55:43,538
[DEBUG Thread:AWT-EventQueue-0 debuger.actionPerformed] - Undo split point mark - 2016-09-19 10:55:47,527
[DEBUG Thread:AWT-EventQueue-0 debuger.actionPerformed] - All split point was taken. Close dialog pane - 2016-09-19 10:55:48,545
[DEBUG Thread:Translator debuger.recognize] - Audio file was splited into 3 parts - 2016-09-19 10:55:48,567
[DEBUG Thread:Translator debuger.sendRequest] - proxy02.merann.ru proxy used for connection, port 8080 - 2016-09-19 10:55:48,571
[DEBUG Thread:Translator debuger.sendRequest] - Got the response from Google server - 2016-09-19 10:55:49,843
[DEBUG Thread:Translator debuger.fromJsonToText] - Trying to get tent from the Google response - 2016-09-19 10:55:51,729
[DEBUG Thread:Translator debuger.sendRequest] - proxy02.merann.ru proxy used for connection, port 8080 - 2016-09-19 10:55:51,777
[DEBUG Thread:Translator debuger.sendRequest] - Got the response from Google server - 2016-09-19 10:55:52,197
[DEBUG Thread:Translator debuger.fromJsonToText] - Trying to get tent from the Google response - 2016-09-19 10:55:54,333
[DEBUG Thread:Translator debuger.sendRequest] - proxy02.merann.ru proxy used for connection, port 8080 - 2016-09-19 10:55:54,333
[DEBUG Thread:Translator debuger.sendRequest] - Got the response from Google server - 2016-09-19 10:55:54,757
[DEBUG Thread:Translator debuger.fromJsonToText] - Trying to get tent from the Google response - 2016-09-19 10:55:56,147
[DEBUG Thread:Translator debuger.run] - Start of translation process - 2016-09-19 10:55:56,147
[DEBUG Thread:Translator debuger.run] - Translation languages was set as ar-sa->en-uk - 2016-09-19 10:55:56,149
[DEBUG Thread:Translator debuger.translate] - Trying the translation - 2016-09-19 10:55:56,149
[DEBUG Thread:Translator debuger.translate] - proxy02.merann.ru proxy used for connection, port 8080 - 2016-09-19 10:55:56,149
[DEBUG Thread:Translator debuger.translate] - Getting response from Yandex server - 2016-09-19 10:55:56,149
[DEBUG Thread:Translator debuger.translate] - Yandex response was recieved - 2016-09-19 10:55:56,495
[DEBUG Thread:Translator debuger.getTranslation] - Trying to get content from Yandex respose - 2016-09-19 10:55:56,496
[DEBUG Thread:Translator debuger.translate] - Getting response from Yandex server - 2016-09-19 10:55:56,496
[DEBUG Thread:Translator debuger.translate] - Yandex response was recieved - 2016-09-19 10:55:56,688
[DEBUG Thread:Translator debuger.getTranslation] - Trying to get content from Yandex respose - 2016-09-19 10:55:56,688
[DEBUG Thread:Translator debuger.translate] - Getting response from Yandex server - 2016-09-19 10:55:56,688
[DEBUG Thread:Translator debuger.translate] - Yandex response was recieved - 2016-09-19 10:55:56,890
[DEBUG Thread:Translator debuger.getTranslation] - Trying to get content from Yandex respose - 2016-09-19 10:55:56,890
[DEBUG Thread:Translator debuger.translate] - Getting response from Yandex server - 2016-09-19 10:55:56,890
[DEBUG Thread:Translator debuger.translate] - Yandex response was recieved - 2016-09-19 10:55:57,108
[DEBUG Thread:Translator debuger.getTranslation] - Trying to get content from Yandex respose - 2016-09-19 10:55:57,108
[DEBUG Thread:Translator debuger.translate] - Getting response from Yandex server - 2016-09-19 10:55:57,109
[DEBUG Thread:Translator debuger.translate] - Yandex response was recieved - 2016-09-19 10:55:57,306
[DEBUG Thread:Translator debuger.getTranslation] - Trying to get content from Yandex respose - 2016-09-19 10:55:57,306
[DEBUG Thread:Translator debuger.setText] - Recognized and translated text was set - 2016-09-19 10:55:57,433
[DEBUG Thread:Translator debuger.setText] - Recognized and translated text was set - 2016-09-19 10:55:57,530
[DEBUG Thread:Translator debuger.setText] - Recognized and translated text was set - 2016-09-19 10:55:57,588
[DEBUG Thread:Translator debuger.setText] - Recognized and translated text was set - 2016-09-19 10:55:57,636
[DEBUG Thread:Translator debuger.setText] - Recognized and translated text was set - 2016-09-19 10:55:57,684
[DEBUG Thread:AWT-EventQueue-0 debuger.actionPerformed] - Play button was clicked - 2016-09-19 10:56:04,884
[DEBUG Thread:AWT-EventQueue-0 debuger.drop] - Opened file: C:\Users\mgazim\workspace\SpeechTranslator\samples\2 channels.wav - 2016-09-19 10:56:20,627
[DEBUG Thread:Java Sound Event Dispatcher debuger.update] - EventType=STOP close Clip object - 2016-09-19 10:56:22,701
[DEBUG Thread:Java Sound Event Dispatcher debuger.update] - EventType=STOP close Clip object - 2016-09-19 10:56:22,703
[DEBUG Thread:AWT-EventQueue-0 debuger.drop] - Opened file: C:\Users\mgazim\workspace\SpeechTranslator\samples\bonjour-google.wav - 2016-09-19 10:56:30,007
[DEBUG Thread:AWT-EventQueue-0 debuger.actionPerformed] - Play button was clicked - 2016-09-19 10:56:31,595
[DEBUG Thread:Java Sound Event Dispatcher debuger.update] - EventType=STOP close Clip object - 2016-09-19 10:56:34,531
[DEBUG Thread:Java Sound Event Dispatcher debuger.update] - EventType=STOP close Clip object - 2016-09-19 10:56:34,533
[DEBUG Thread:Java Sound Event Dispatcher debuger.update] - EventType=STOP close Clip object - 2016-09-19 10:56:34,533
[DEBUG Thread:AWT-EventQueue-0 debuger.actionPerformed] - Play button was clicked - 2016-09-19 10:56:35,779
[DEBUG Thread:Java Sound Event Dispatcher debuger.update] - EventType=STOP close Clip object - 2016-09-19 10:56:38,702
[DEBUG Thread:Java Sound Event Dispatcher debuger.update] - EventType=STOP close Clip object - 2016-09-19 10:56:38,704
[DEBUG Thread:Java Sound Event Dispatcher debuger.update] - EventType=STOP close Clip object - 2016-09-19 10:56:38,705
[DEBUG Thread:Java Sound Event Dispatcher debuger.update] - EventType=STOP close Clip object - 2016-09-19 10:56:38,705
[DEBUG Thread:AWT-EventQueue-0 debuger.drop] - Opened file: C:\Users\mgazim\workspace\SpeechTranslator\samples\Can_French_+_American_ Eng_SYSTEM_MM_GREETING_ALT.wav - 2016-09-19 10:56:40,311
[DEBUG Thread:AWT-EventQueue-0 debuger.actionPerformed] - Play button was clicked - 2016-09-19 10:56:42,235
[DEBUG Thread:AWT-EventQueue-0 debuger.drop] - Opened file: C:\Users\mgazim\workspace\SpeechTranslator\samples\Chinese_Cantonese_OFFLINE_ALREADY_HANDLED.wav - 2016-09-19 10:56:47,759
[DEBUG Thread:Java Sound Event Dispatcher debuger.update] - EventType=STOP close Clip object - 2016-09-19 10:56:56,134
[DEBUG Thread:Java Sound Event Dispatcher debuger.update] - EventType=STOP close Clip object - 2016-09-19 10:56:56,136
[DEBUG Thread:Java Sound Event Dispatcher debuger.update] - EventType=STOP close Clip object - 2016-09-19 10:56:56,136
[DEBUG Thread:Java Sound Event Dispatcher debuger.update] - EventType=STOP close Clip object - 2016-09-19 10:56:56,136
[DEBUG Thread:Java Sound Event Dispatcher debuger.update] - EventType=STOP close Clip object - 2016-09-19 10:56:56,136
[DEBUG Thread:AWT-EventQueue-0 debuger.run] - GUI object was created - 2016-09-19 10:57:19,943
[DEBUG Thread:AWT-EventQueue-0 debuger.actionPerformed] - Browse button was clicked - 2016-09-19 10:57:20,611
[DEBUG Thread:AWT-EventQueue-0 debuger.drop] - Opened file: C:\Users\mgazim\workspace\SpeechTranslator\samples\2 channels.wav - 2016-09-19 10:57:25,745
[DEBUG Thread:AWT-EventQueue-0 debuger.actionPerformed] - Play button was clicked - 2016-09-19 10:57:26,995
[DEBUG Thread:Java Sound Event Dispatcher debuger.update] - EventType=STOP close Clip object - 2016-09-19 10:57:29,649
[DEBUG Thread:AWT-EventQueue-0 debuger.drop] - Opened file: C:\Users\mgazim\workspace\SpeechTranslator\samples\Chinese_Cantonese_OFFLINE_ALREADY_HANDLED.wav - 2016-09-19 10:57:30,095
[DEBUG Thread:AWT-EventQueue-0 debuger.actionPerformed] - Play button was clicked - 2016-09-19 10:57:31,515
[DEBUG Thread:Java Sound Event Dispatcher debuger.update] - EventType=STOP close Clip object - 2016-09-19 10:57:33,702
[DEBUG Thread:Java Sound Event Dispatcher debuger.update] - EventType=STOP close Clip object - 2016-09-19 10:57:33,704
[DEBUG Thread:AWT-EventQueue-0 debuger.drop] - Opened file: C:\Users\mgazim\workspace\SpeechTranslator\samples\bonjour-google.wav - 2016-09-19 10:57:33,704
[DEBUG Thread:AWT-EventQueue-0 debuger.actionPerformed] - Play button was clicked - 2016-09-19 10:57:34,867
[DEBUG Thread:Java Sound Event Dispatcher debuger.update] - EventType=STOP close Clip object - 2016-09-19 10:57:37,792
[DEBUG Thread:Java Sound Event Dispatcher debuger.update] - EventType=STOP close Clip object - 2016-09-19 10:57:37,794
[DEBUG Thread:Java Sound Event Dispatcher debuger.update] - EventType=STOP close Clip object - 2016-09-19 10:57:37,794
[DEBUG Thread:AWT-EventQueue-0 debuger.drop] - Opened file: C:\Users\mgazim\workspace\SpeechTranslator\samples\Korean_AA_CONFIRM_DEST_TO2.wav - 2016-09-19 10:57:37,830
[DEBUG Thread:AWT-EventQueue-0 debuger.actionPerformed] - Play button was clicked - 2016-09-19 10:57:39,548
[DEBUG Thread:Java Sound Event Dispatcher debuger.update] - EventType=STOP close Clip object - 2016-09-19 10:57:41,958
[DEBUG Thread:Java Sound Event Dispatcher debuger.update] - EventType=STOP close Clip object - 2016-09-19 10:57:41,961
[DEBUG Thread:Java Sound Event Dispatcher debuger.update] - EventType=STOP close Clip object - 2016-09-19 10:57:41,961
[DEBUG Thread:Java Sound Event Dispatcher debuger.update] - EventType=STOP close Clip object - 2016-09-19 10:57:41,961
[DEBUG Thread:AWT-EventQueue-0 debuger.drop] - Opened file: C:\Users\mgazim\workspace\SpeechTranslator\samples\Can_French_+_American_ Eng_SYSTEM_MM_GREETING_ALT.wav - 2016-09-19 10:57:41,961
[DEBUG Thread:AWT-EventQueue-0 debuger.actionPerformed] - Play button was clicked - 2016-09-19 10:57:44,227
[DEBUG Thread:AWT-EventQueue-0 debuger.actionPerformed] - Translate button was clicked - 2016-09-19 10:57:49,594
[DEBUG Thread:Translator debuger.run] - Run translation thread - 2016-09-19 10:57:49,598
[DEBUG Thread:Translator debuger.run] - Recognition language set to fr-fr - 2016-09-19 10:57:49,605
[DEBUG Thread:Translator debuger.run] - Start of recognition process - 2016-09-19 10:57:49,606
[DEBUG Thread:Translator debuger.recognize] - recognize() method started - 2016-09-19 10:57:49,606
[DEBUG Thread:Java Sound Event Dispatcher debuger.update] - EventType=STOP close Clip object - 2016-09-19 10:57:50,427
[DEBUG Thread:Java Sound Event Dispatcher debuger.update] - EventType=STOP close Clip object - 2016-09-19 10:57:50,430
[DEBUG Thread:Java Sound Event Dispatcher debuger.update] - EventType=STOP close Clip object - 2016-09-19 10:57:50,430
[DEBUG Thread:Java Sound Event Dispatcher debuger.update] - EventType=STOP close Clip object - 2016-09-19 10:57:50,430
[DEBUG Thread:Java Sound Event Dispatcher debuger.update] - EventType=STOP close Clip object - 2016-09-19 10:57:50,430
[DEBUG Thread:Translator debuger.<init>] - SplitPanel object initialization - 2016-09-19 10:57:50,433
[DEBUG Thread:Translator debuger.<init>] - WaveformPanelContainer object initialization - 2016-09-19 10:57:50,435
[DEBUG Thread:AWT-EventQueue-0 debuger.actionPerformed] - Play audio - 2016-09-19 10:57:52,795
[DEBUG Thread:AWT-EventQueue-0 debuger.actionPerformed] - Undo split point mark - 2016-09-19 10:57:54,011
[DEBUG Thread:AWT-EventQueue-0 debuger.actionPerformed] - All split point was taken. Close dialog pane - 2016-09-19 10:57:55,854
[DEBUG Thread:Java Sound Event Dispatcher debuger.update] - Audio was closed - 2016-09-19 10:57:55,856
[DEBUG Thread:Translator debuger.recognize] - Audio file was splited into 2 parts - 2016-09-19 10:57:55,876
[DEBUG Thread:Translator debuger.sendRequest] - proxy02.merann.ru proxy used for connection, port 8080 - 2016-09-19 10:57:55,879
[DEBUG Thread:Translator debuger.sendRequest] - Got the response from Google server - 2016-09-19 10:57:57,080
[DEBUG Thread:Translator debuger.fromJsonToText] - Trying to get tent from the Google response - 2016-09-19 10:57:59,777
[DEBUG Thread:Translator debuger.sendRequest] - proxy02.merann.ru proxy used for connection, port 8080 - 2016-09-19 10:57:59,792
[DEBUG Thread:Translator debuger.sendRequest] - Got the response from Google server - 2016-09-19 10:58:00,260
[DEBUG Thread:AWT-EventQueue-0 debuger.actionPerformed] - Play button was clicked - 2016-09-19 10:58:06,082
[DEBUG Thread:Translator debuger.fromJsonToText] - Trying to get tent from the Google response - 2016-09-19 10:58:09,548
[DEBUG Thread:Translator debuger.run] - Start of translation process - 2016-09-19 10:58:09,549
[DEBUG Thread:Translator debuger.run] - Translation languages was set as fr-fr->ru-ru - 2016-09-19 10:58:09,549
[DEBUG Thread:Translator debuger.translate] - Trying the translation - 2016-09-19 10:58:09,550
[DEBUG Thread:Translator debuger.translate] - proxy02.merann.ru proxy used for connection, port 8080 - 2016-09-19 10:58:09,550
[DEBUG Thread:Translator debuger.translate] - Getting response from Yandex server - 2016-09-19 10:58:09,550
[DEBUG Thread:Translator debuger.translate] - Yandex response was recieved - 2016-09-19 10:58:09,959
[DEBUG Thread:Translator debuger.getTranslation] - Trying to get content from Yandex respose - 2016-09-19 10:58:09,960
[DEBUG Thread:Translator debuger.translate] - Getting response from Yandex server - 2016-09-19 10:58:09,960
[DEBUG Thread:Translator debuger.translate] - Yandex response was recieved - 2016-09-19 10:58:10,268
[DEBUG Thread:Translator debuger.getTranslation] - Trying to get content from Yandex respose - 2016-09-19 10:58:10,268
[DEBUG Thread:Translator debuger.setText] - Recognized and translated text was set - 2016-09-19 10:58:10,279
[DEBUG Thread:Translator debuger.setText] - Recognized and translated text was set - 2016-09-19 10:58:10,302
[DEBUG Thread:Java Sound Event Dispatcher debuger.update] - EventType=STOP close Clip object - 2016-09-19 10:58:15,958
[DEBUG Thread:Java Sound Event Dispatcher debuger.update] - EventType=STOP close Clip object - 2016-09-19 10:58:15,960
[DEBUG Thread:Java Sound Event Dispatcher debuger.update] - EventType=STOP close Clip object - 2016-09-19 10:58:15,960
[DEBUG Thread:Java Sound Event Dispatcher debuger.update] - EventType=STOP close Clip object - 2016-09-19 10:58:15,961
[DEBUG Thread:Java Sound Event Dispatcher debuger.update] - EventType=STOP close Clip object - 2016-09-19 10:58:15,961
[DEBUG Thread:Java Sound Event Dispatcher debuger.update] - EventType=STOP close Clip object - 2016-09-19 10:58:15,961
[DEBUG Thread:AWT-EventQueue-0 debuger.drop] - Opened file: C:\Users\mgazim\workspace\SpeechTranslator\samples\Korean_AA_CONFIRM_DEST_TO2.wav - 2016-09-19 10:58:15,963
[DEBUG Thread:AWT-EventQueue-0 debuger.actionPerformed] - Translate button was clicked - 2016-09-19 10:58:23,946
[DEBUG Thread:Translator debuger.run] - Run translation thread - 2016-09-19 10:58:23,946
[DEBUG Thread:Translator debuger.run] - Recognition language set to ko-kr - 2016-09-19 10:58:23,952
[DEBUG Thread:Translator debuger.run] - Start of recognition process - 2016-09-19 10:58:23,952
[DEBUG Thread:Translator debuger.recognize] - recognize() method started - 2016-09-19 10:58:23,952
[DEBUG Thread:Translator debuger.<init>] - SplitPanel object initialization - 2016-09-19 10:58:25,049
[DEBUG Thread:Translator debuger.<init>] - WaveformPanelContainer object initialization - 2016-09-19 10:58:25,050
[DEBUG Thread:AWT-EventQueue-0 debuger.actionPerformed] - All split point was taken. Close dialog pane - 2016-09-19 10:58:27,408
[DEBUG Thread:Translator debuger.recognize] - Audio file was splited into 2 parts - 2016-09-19 10:58:27,424
[DEBUG Thread:Translator debuger.sendRequest] - proxy02.merann.ru proxy used for connection, port 8080 - 2016-09-19 10:58:27,424
[DEBUG Thread:Translator debuger.sendRequest] - Got the response from Google server - 2016-09-19 10:58:27,934
[DEBUG Thread:AWT-EventQueue-0 debuger.actionPerformed] - Play button was clicked - 2016-09-19 10:58:29,098
[DEBUG Thread:Translator debuger.fromJsonToText] - Trying to get tent from the Google response - 2016-09-19 10:58:29,575
[DEBUG Thread:Translator debuger.sendRequest] - proxy02.merann.ru proxy used for connection, port 8080 - 2016-09-19 10:58:29,576
[DEBUG Thread:Translator debuger.sendRequest] - Got the response from Google server - 2016-09-19 10:58:29,937
[DEBUG Thread:Translator debuger.fromJsonToText] - Trying to get tent from the Google response - 2016-09-19 10:58:31,176
[DEBUG Thread:Translator debuger.run] - Start of translation process - 2016-09-19 10:58:31,176
[DEBUG Thread:Translator debuger.run] - Translation languages was set as ko-kr->en-uk - 2016-09-19 10:58:31,177
[DEBUG Thread:Translator debuger.translate] - Trying the translation - 2016-09-19 10:58:31,177
[DEBUG Thread:Translator debuger.translate] - proxy02.merann.ru proxy used for connection, port 8080 - 2016-09-19 10:58:31,177
[DEBUG Thread:Translator debuger.translate] - Getting response from Yandex server - 2016-09-19 10:58:31,177
[DEBUG Thread:Translator debuger.translate] - Yandex response was recieved - 2016-09-19 10:58:31,593
[DEBUG Thread:Translator debuger.getTranslation] - Trying to get content from Yandex respose - 2016-09-19 10:58:31,593
[DEBUG Thread:Translator debuger.translate] - Getting response from Yandex server - 2016-09-19 10:58:31,593
[DEBUG Thread:Translator debuger.translate] - Yandex response was recieved - 2016-09-19 10:58:31,968
[DEBUG Thread:Translator debuger.getTranslation] - Trying to get content from Yandex respose - 2016-09-19 10:58:31,968
[DEBUG Thread:Translator debuger.translate] - Getting response from Yandex server - 2016-09-19 10:58:31,968
[DEBUG Thread:Translator debuger.translate] - Yandex response was recieved - 2016-09-19 10:58:32,378
[DEBUG Thread:Translator debuger.getTranslation] - Trying to get content from Yandex respose - 2016-09-19 10:58:32,378
[DEBUG Thread:Translator debuger.translate] - Getting response from Yandex server - 2016-09-19 10:58:32,378
[DEBUG Thread:Translator debuger.translate] - Yandex response was recieved - 2016-09-19 10:58:32,779
[DEBUG Thread:Translator debuger.getTranslation] - Trying to get content from Yandex respose - 2016-09-19 10:58:32,780
[DEBUG Thread:Translator debuger.translate] - Getting response from Yandex server - 2016-09-19 10:58:32,780
[DEBUG Thread:Translator debuger.translate] - Yandex response was recieved - 2016-09-19 10:58:33,159
[DEBUG Thread:Translator debuger.getTranslation] - Trying to get content from Yandex respose - 2016-09-19 10:58:33,159
[DEBUG Thread:Translator debuger.setText] - Recognized and translated text was set - 2016-09-19 10:58:33,518
[DEBUG Thread:Translator debuger.setText] - Recognized and translated text was set - 2016-09-19 10:58:33,553
[DEBUG Thread:Translator debuger.setText] - Recognized and translated text was set - 2016-09-19 10:58:33,566
[DEBUG Thread:Translator debuger.setText] - Recognized and translated text was set - 2016-09-19 10:58:33,568
[DEBUG Thread:Translator debuger.setText] - Recognized and translated text was set - 2016-09-19 10:58:33,582
[DEBUG Thread:Java Sound Event Dispatcher debuger.update] - EventType=STOP close Clip object - 2016-09-19 10:58:42,409
[DEBUG Thread:Java Sound Event Dispatcher debuger.update] - EventType=STOP close Clip object - 2016-09-19 10:58:42,411
[DEBUG Thread:Java Sound Event Dispatcher debuger.update] - EventType=STOP close Clip object - 2016-09-19 10:58:42,411
[DEBUG Thread:Java Sound Event Dispatcher debuger.update] - EventType=STOP close Clip object - 2016-09-19 10:58:42,411
[DEBUG Thread:Java Sound Event Dispatcher debuger.update] - EventType=STOP close Clip object - 2016-09-19 10:58:42,412
[DEBUG Thread:Java Sound Event Dispatcher debuger.update] - EventType=STOP close Clip object - 2016-09-19 10:58:42,412
[DEBUG Thread:Java Sound Event Dispatcher debuger.update] - EventType=STOP close Clip object - 2016-09-19 10:58:42,412
[DEBUG Thread:AWT-EventQueue-0 debuger.run] - GUI object was created - 2016-09-19 11:00:18,810
[DEBUG Thread:AWT-EventQueue-0 debuger.drop] - Opened file: C:\Users\mgazim\workspace\SpeechTranslator\samples\Korean_AA_CONFIRM_DEST_TO2.wav - 2016-09-19 11:00:27,943
[DEBUG Thread:AWT-EventQueue-0 debuger.actionPerformed] - Browse button was clicked - 2016-09-19 11:00:29,240
[DEBUG Thread:AWT-EventQueue-0 debuger.actionPerformed] - Opened file: C:\Users\mgazim\workspace\SpeechTranslator\samples\Korean_AA_CONFIRM_DEST_TO2.wav - 2016-09-19 11:00:31,975
[DEBUG Thread:AWT-EventQueue-0 debuger.actionPerformed] - Translate button was clicked - 2016-09-19 11:00:36,024
[DEBUG Thread:Translator debuger.run] - Run translation thread - 2016-09-19 11:00:36,028
[DEBUG Thread:Translator debuger.run] - Recognition language set to ko-kr - 2016-09-19 11:00:36,063
[DEBUG Thread:Translator debuger.run] - Start of recognition process - 2016-09-19 11:00:36,063
[DEBUG Thread:Translator debuger.recognize] - recognize() method started - 2016-09-19 11:00:36,063
[DEBUG Thread:Translator debuger.<init>] - SplitPanel object initialization - 2016-09-19 11:00:36,881
[DEBUG Thread:Translator debuger.<init>] - WaveformPanelContainer object initialization - 2016-09-19 11:00:36,883
[DEBUG Thread:AWT-EventQueue-0 debuger.actionPerformed] - All split point was taken. Close dialog pane - 2016-09-19 11:00:38,253
[DEBUG Thread:Translator debuger.recognize] - Audio file was splited into 2 parts - 2016-09-19 11:00:38,273
[DEBUG Thread:Translator debuger.sendRequest] - proxy02.merann.ru proxy used for connection, port 8080 - 2016-09-19 11:00:38,275
[DEBUG Thread:Translator debuger.sendRequest] - Got the response from Google server - 2016-09-19 11:00:39,428
[DEBUG Thread:Translator debuger.fromJsonToText] - Trying to get tent from the Google response - 2016-09-19 11:00:41,028
[DEBUG Thread:Translator debuger.sendRequest] - proxy02.merann.ru proxy used for connection, port 8080 - 2016-09-19 11:00:41,046
[DEBUG Thread:Translator debuger.sendRequest] - Got the response from Google server - 2016-09-19 11:00:41,550
[DEBUG Thread:AWT-EventQueue-0 debuger.drop] - Opened file: C:\Users\mgazim\workspace\SpeechTranslator\samples\good-morning-google.wav - 2016-09-19 11:00:42,652
[DEBUG Thread:Translator debuger.fromJsonToText] - Trying to get tent from the Google response - 2016-09-19 11:00:42,853
[DEBUG Thread:Translator debuger.run] - Start of translation process - 2016-09-19 11:00:42,854
[DEBUG Thread:Translator debuger.run] - Translation languages was set as ar-sa->en-uk - 2016-09-19 11:00:42,854
[DEBUG Thread:Translator debuger.translate] - Trying the translation - 2016-09-19 11:00:42,854
[DEBUG Thread:Translator debuger.translate] - proxy02.merann.ru proxy used for connection, port 8080 - 2016-09-19 11:00:42,855
[DEBUG Thread:Translator debuger.translate] - Getting response from Yandex server - 2016-09-19 11:00:42,855
[DEBUG Thread:Translator debuger.translate] - Yandex response was recieved - 2016-09-19 11:00:43,035
[DEBUG Thread:Translator debuger.getTranslation] - Trying to get content from Yandex respose - 2016-09-19 11:00:43,036
[DEBUG Thread:Translator debuger.translate] - Getting response from Yandex server - 2016-09-19 11:00:43,037
[DEBUG Thread:Translator debuger.translate] - Yandex response was recieved - 2016-09-19 11:00:43,182
[DEBUG Thread:Translator debuger.getTranslation] - Trying to get content from Yandex respose - 2016-09-19 11:00:43,182
[DEBUG Thread:Translator debuger.translate] - Getting response from Yandex server - 2016-09-19 11:00:43,182
[DEBUG Thread:Translator debuger.translate] - Yandex response was recieved - 2016-09-19 11:00:43,317
[DEBUG Thread:Translator debuger.getTranslation] - Trying to get content from Yandex respose - 2016-09-19 11:00:43,317
[DEBUG Thread:Translator debuger.translate] - Getting response from Yandex server - 2016-09-19 11:00:43,318
[DEBUG Thread:Translator debuger.translate] - Yandex response was recieved - 2016-09-19 11:00:43,479
[DEBUG Thread:Translator debuger.getTranslation] - Trying to get content from Yandex respose - 2016-09-19 11:00:43,479
[DEBUG Thread:Translator debuger.translate] - Getting response from Yandex server - 2016-09-19 11:00:43,480
[DEBUG Thread:Translator debuger.translate] - Yandex response was recieved - 2016-09-19 11:00:43,602
[DEBUG Thread:Translator debuger.getTranslation] - Trying to get content from Yandex respose - 2016-09-19 11:00:43,602
[DEBUG Thread:Translator debuger.setText] - Recognized and translated text was set - 2016-09-19 11:00:43,615
[DEBUG Thread:Translator debuger.setText] - Recognized and translated text was set - 2016-09-19 11:00:43,696
[DEBUG Thread:Translator debuger.setText] - Recognized and translated text was set - 2016-09-19 11:00:43,698
[DEBUG Thread:Translator debuger.setText] - Recognized and translated text was set - 2016-09-19 11:00:43,704
[DEBUG Thread:Translator debuger.setText] - Recognized and translated text was set - 2016-09-19 11:00:43,707
[DEBUG Thread:AWT-EventQueue-0 debuger.run] - GUI object was created - 2016-09-19 11:01:28,641
[DEBUG Thread:AWT-EventQueue-0 debuger.actionPerformed] - Browse button was clicked - 2016-09-19 11:01:32,937
[DEBUG Thread:AWT-EventQueue-0 debuger.drop] - Opened file: C:\Users\mgazim\workspace\SpeechTranslator\samples\good-morning-google.wav - 2016-09-19 11:01:39,165
[DEBUG Thread:AWT-EventQueue-0 debuger.actionPerformed] - Translate button was clicked - 2016-09-19 11:01:42,863
[DEBUG Thread:Translator debuger.run] - Run translation thread - 2016-09-19 11:01:42,867
[DEBUG Thread:Translator debuger.run] - Recognition language set to ar-sa - 2016-09-19 11:01:42,889
[DEBUG Thread:Translator debuger.run] - Start of recognition process - 2016-09-19 11:01:42,889
[DEBUG Thread:Translator debuger.recognize] - recognize() method started - 2016-09-19 11:01:42,889
[DEBUG Thread:Translator debuger.sendRequest] - proxy02.merann.ru proxy used for connection, port 8080 - 2016-09-19 11:01:42,893
[DEBUG Thread:Translator debuger.sendRequest] - Got the response from Google server - 2016-09-19 11:01:43,756
[DEBUG Thread:Translator debuger.fromJsonToText] - Trying to get tent from the Google response - 2016-09-19 11:01:44,367
[DEBUG Thread:AWT-EventQueue-0 debuger.actionPerformed] - Browse button was clicked - 2016-09-19 11:01:52,495
[DEBUG Thread:AWT-EventQueue-0 debuger.actionPerformed] - Opened file: C:\Users\mgazim\workspace\SpeechTranslator\samples\Can_French_+_American_ Eng_SYSTEM_MM_GREETING_ALT.wav - 2016-09-19 11:01:55,621
[DEBUG Thread:AWT-EventQueue-0 debuger.actionPerformed] - Translate button was clicked - 2016-09-19 11:01:56,359
[DEBUG Thread:Translator debuger.run] - Run translation thread - 2016-09-19 11:01:56,360
[DEBUG Thread:Translator debuger.run] - Recognition language set to ar-sa - 2016-09-19 11:01:56,380
[DEBUG Thread:Translator debuger.run] - Start of recognition process - 2016-09-19 11:01:56,380
[DEBUG Thread:Translator debuger.recognize] - recognize() method started - 2016-09-19 11:01:56,380
[DEBUG Thread:Translator debuger.<init>] - SplitPanel object initialization - 2016-09-19 11:01:57,271
[DEBUG Thread:Translator debuger.<init>] - WaveformPanelContainer object initialization - 2016-09-19 11:01:57,274
[DEBUG Thread:AWT-EventQueue-0 debuger.actionPerformed] - All split point was taken. Close dialog pane - 2016-09-19 11:01:58,852
[DEBUG Thread:Translator debuger.recognize] - Audio file was splited into 2 parts - 2016-09-19 11:01:58,866
[DEBUG Thread:Translator debuger.sendRequest] - proxy02.merann.ru proxy used for connection, port 8080 - 2016-09-19 11:01:58,867
[DEBUG Thread:Translator debuger.sendRequest] - Got the response from Google server - 2016-09-19 11:01:59,430
[DEBUG Thread:Translator debuger.fromJsonToText] - Trying to get tent from the Google response - 2016-09-19 11:02:03,697
[DEBUG Thread:Translator debuger.sendRequest] - proxy02.merann.ru proxy used for connection, port 8080 - 2016-09-19 11:02:03,713
[DEBUG Thread:Translator debuger.sendRequest] - Got the response from Google server - 2016-09-19 11:02:04,153
[DEBUG Thread:Translator debuger.fromJsonToText] - Trying to get tent from the Google response - 2016-09-19 11:02:08,059
[DEBUG Thread:Translator debuger.run] - Start of translation process - 2016-09-19 11:02:08,059
[DEBUG Thread:Translator debuger.run] - Translation languages was set as ar-sa->en-uk - 2016-09-19 11:02:08,060
[DEBUG Thread:Translator debuger.translate] - Trying the translation - 2016-09-19 11:02:08,060
[DEBUG Thread:Translator debuger.translate] - proxy02.merann.ru proxy used for connection, port 8080 - 2016-09-19 11:02:08,061
[DEBUG Thread:Translator debuger.translate] - Getting response from Yandex server - 2016-09-19 11:02:08,061
[DEBUG Thread:Translator debuger.translate] - Yandex response was recieved - 2016-09-19 11:02:08,359
[DEBUG Thread:Translator debuger.getTranslation] - Trying to get content from Yandex respose - 2016-09-19 11:02:08,360
[DEBUG Thread:Translator debuger.translate] - Getting response from Yandex server - 2016-09-19 11:02:08,361
[DEBUG Thread:Translator debuger.translate] - Yandex response was recieved - 2016-09-19 11:02:08,512
[DEBUG Thread:Translator debuger.getTranslation] - Trying to get content from Yandex respose - 2016-09-19 11:02:08,512
[DEBUG Thread:Translator debuger.translate] - Getting response from Yandex server - 2016-09-19 11:02:08,512
[DEBUG Thread:Translator debuger.translate] - Yandex response was recieved - 2016-09-19 11:02:08,644
[DEBUG Thread:Translator debuger.getTranslation] - Trying to get content from Yandex respose - 2016-09-19 11:02:08,644
[DEBUG Thread:Translator debuger.translate] - Getting response from Yandex server - 2016-09-19 11:02:08,644
[DEBUG Thread:Translator debuger.translate] - Yandex response was recieved - 2016-09-19 11:02:08,752
[DEBUG Thread:Translator debuger.getTranslation] - Trying to get content from Yandex respose - 2016-09-19 11:02:08,752
[DEBUG Thread:Translator debuger.translate] - Getting response from Yandex server - 2016-09-19 11:02:08,752
[DEBUG Thread:Translator debuger.translate] - Yandex response was recieved - 2016-09-19 11:02:08,883
[DEBUG Thread:Translator debuger.getTranslation] - Trying to get content from Yandex respose - 2016-09-19 11:02:08,883
[DEBUG Thread:Translator debuger.setText] - Recognized and translated text was set - 2016-09-19 11:02:08,915
[DEBUG Thread:Translator debuger.setText] - Recognized and translated text was set - 2016-09-19 11:02:08,964
[DEBUG Thread:Translator debuger.setText] - Recognized and translated text was set - 2016-09-19 11:02:08,987
[DEBUG Thread:Translator debuger.setText] - Recognized and translated text was set - 2016-09-19 11:02:09,009
[DEBUG Thread:Translator debuger.setText] - Recognized and translated text was set - 2016-09-19 11:02:09,030
[DEBUG Thread:AWT-EventQueue-0 debuger.drop] - Opened file: C:\Users\mgazim\workspace\SpeechTranslator\samples\good-morning-google.wav - 2016-09-19 11:02:14,629
[DEBUG Thread:AWT-EventQueue-0 debuger.actionPerformed] - Translate button was clicked - 2016-09-19 11:02:17,071
[DEBUG Thread:Translator debuger.run] - Run translation thread - 2016-09-19 11:02:17,071
[DEBUG Thread:Translator debuger.run] - Recognition language set to ar-sa - 2016-09-19 11:02:17,078
[DEBUG Thread:Translator debuger.run] - Start of recognition process - 2016-09-19 11:02:17,078
[DEBUG Thread:Translator debuger.recognize] - recognize() method started - 2016-09-19 11:02:17,078
[DEBUG Thread:Translator debuger.sendRequest] - proxy02.merann.ru proxy used for connection, port 8080 - 2016-09-19 11:02:17,078
[DEBUG Thread:Translator debuger.sendRequest] - Got the response from Google server - 2016-09-19 11:02:17,390
[DEBUG Thread:Translator debuger.fromJsonToText] - Trying to get tent from the Google response - 2016-09-19 11:02:17,982
[DEBUG Thread:AWT-EventQueue-0 debuger.run] - GUI object was created - 2016-09-19 11:02:48,915
[DEBUG Thread:AWT-EventQueue-0 debuger.drop] - Opened file: C:\Users\mgazim\workspace\SpeechTranslator\samples\Korean_AA_CONFIRM_DEST_TO2.wav - 2016-09-19 11:02:52,782
[DEBUG Thread:AWT-EventQueue-0 debuger.actionPerformed] - Translate button was clicked - 2016-09-19 11:02:56,647
[DEBUG Thread:Translator debuger.run] - Run translation thread - 2016-09-19 11:02:56,649
[DEBUG Thread:Translator debuger.run] - Recognition language set to ko-kr - 2016-09-19 11:02:56,685
[DEBUG Thread:Translator debuger.run] - Start of recognition process - 2016-09-19 11:02:56,685
[DEBUG Thread:Translator debuger.recognize] - recognize() method started - 2016-09-19 11:02:56,685
[DEBUG Thread:Translator debuger.<init>] - SplitPanel object initialization - 2016-09-19 11:02:57,263
[DEBUG Thread:Translator debuger.<init>] - WaveformPanelContainer object initialization - 2016-09-19 11:02:57,266
[DEBUG Thread:AWT-EventQueue-0 debuger.actionPerformed] - All split point was taken. Close dialog pane - 2016-09-19 11:02:58,555
[DEBUG Thread:Translator debuger.recognize] - Audio file was splited into 2 parts - 2016-09-19 11:02:58,574
[DEBUG Thread:Translator debuger.sendRequest] - proxy02.merann.ru proxy used for connection, port 8080 - 2016-09-19 11:02:58,577
[DEBUG Thread:Translator debuger.sendRequest] - Got the response from Google server - 2016-09-19 11:02:59,850
[DEBUG Thread:Translator debuger.fromJsonToText] - Trying to get tent from the Google response - 2016-09-19 11:03:01,408
[DEBUG Thread:Translator debuger.sendRequest] - proxy02.merann.ru proxy used for connection, port 8080 - 2016-09-19 11:03:01,426
[DEBUG Thread:Translator debuger.sendRequest] - Got the response from Google server - 2016-09-19 11:03:01,964
[DEBUG Thread:Translator debuger.fromJsonToText] - Trying to get tent from the Google response - 2016-09-19 11:03:03,244
[DEBUG Thread:Translator debuger.run] - Start of translation process - 2016-09-19 11:03:03,245
[DEBUG Thread:Translator debuger.run] - Translation languages was set as ko-kr->en-uk - 2016-09-19 11:03:03,246
[DEBUG Thread:Translator debuger.translate] - Trying the translation - 2016-09-19 11:03:03,246
[DEBUG Thread:Translator debuger.translate] - proxy02.merann.ru proxy used for connection, port 8080 - 2016-09-19 11:03:03,246
[DEBUG Thread:Translator debuger.translate] - Getting response from Yandex server - 2016-09-19 11:03:03,246
[DEBUG Thread:Translator debuger.translate] - Yandex response was recieved - 2016-09-19 11:03:03,772
[DEBUG Thread:Translator debuger.getTranslation] - Trying to get content from Yandex respose - 2016-09-19 11:03:03,774
[DEBUG Thread:Translator debuger.translate] - Getting response from Yandex server - 2016-09-19 11:03:03,774
[DEBUG Thread:Translator debuger.translate] - Yandex response was recieved - 2016-09-19 11:03:04,146
[DEBUG Thread:Translator debuger.getTranslation] - Trying to get content from Yandex respose - 2016-09-19 11:03:04,146
[DEBUG Thread:Translator debuger.translate] - Getting response from Yandex server - 2016-09-19 11:03:04,146
[DEBUG Thread:Translator debuger.translate] - Yandex response was recieved - 2016-09-19 11:03:04,548
[DEBUG Thread:Translator debuger.getTranslation] - Trying to get content from Yandex respose - 2016-09-19 11:03:04,548
[DEBUG Thread:Translator debuger.translate] - Getting response from Yandex server - 2016-09-19 11:03:04,548
[DEBUG Thread:Translator debuger.translate] - Yandex response was recieved - 2016-09-19 11:03:04,912
[DEBUG Thread:Translator debuger.getTranslation] - Trying to get content from Yandex respose - 2016-09-19 11:03:04,913
[DEBUG Thread:Translator debuger.translate] - Getting response from Yandex server - 2016-09-19 11:03:04,913
[DEBUG Thread:Translator debuger.translate] - Yandex response was recieved - 2016-09-19 11:03:05,347
[DEBUG Thread:Translator debuger.getTranslation] - Trying to get content from Yandex respose - 2016-09-19 11:03:05,347
[DEBUG Thread:Translator debuger.setText] - Recognized and translated text was set - 2016-09-19 11:03:05,418
[DEBUG Thread:Translator debuger.setText] - Recognized and translated text was set - 2016-09-19 11:03:05,434
[DEBUG Thread:Translator debuger.setText] - Recognized and translated text was set - 2016-09-19 11:03:05,450
[DEBUG Thread:Translator debuger.setText] - Recognized and translated text was set - 2016-09-19 11:03:05,456
[DEBUG Thread:Translator debuger.setText] - Recognized and translated text was set - 2016-09-19 11:03:05,460
[DEBUG Thread:AWT-EventQueue-0 debuger.drop] - Opened file: C:\Users\mgazim\workspace\SpeechTranslator\samples\Can_French_+_American_ Eng_SYSTEM_MM_GREETING_ALT.wav - 2016-09-19 11:03:05,906
[DEBUG Thread:AWT-EventQueue-0 debuger.actionPerformed] - Play button was clicked - 2016-09-19 11:03:10,294
[DEBUG Thread:AWT-EventQueue-0 debuger.run] - GUI object was created - 2016-09-19 11:05:05,954
[DEBUG Thread:AWT-EventQueue-0 debuger.drop] - Opened file: C:\Users\mgazim\workspace\SpeechTranslator\samples\European_Portuguese_DELIV_OPTIONS_REPLY_HELP_PRIV_IMP_FD.wav - 2016-09-19 11:05:19,867
[DEBUG Thread:AWT-EventQueue-0 debuger.actionPerformed] - Translate button was clicked - 2016-09-19 11:05:25,237
[DEBUG Thread:Translator debuger.run] - Run translation thread - 2016-09-19 11:05:25,240
[DEBUG Thread:Translator debuger.run] - Recognition language set to pt-pt - 2016-09-19 11:05:25,276
[DEBUG Thread:Translator debuger.run] - Start of recognition process - 2016-09-19 11:05:25,277
[DEBUG Thread:Translator debuger.recognize] - recognize() method started - 2016-09-19 11:05:25,277
[DEBUG Thread:Translator debuger.sendRequest] - proxy02.merann.ru proxy used for connection, port 8080 - 2016-09-19 11:05:25,280
[DEBUG Thread:Translator debuger.sendRequest] - Got the response from Google server - 2016-09-19 11:05:26,520
[DEBUG Thread:Translator debuger.fromJsonToText] - Trying to get tent from the Google response - 2016-09-19 11:05:29,550
[DEBUG Thread:Translator debuger.run] - Start of translation process - 2016-09-19 11:05:29,567
[DEBUG Thread:Translator debuger.run] - Translation languages was set as pt-pt->en-uk - 2016-09-19 11:05:29,568
[DEBUG Thread:Translator debuger.translate] - Trying the translation - 2016-09-19 11:05:29,568
[DEBUG Thread:Translator debuger.translate] - proxy02.merann.ru proxy used for connection, port 8080 - 2016-09-19 11:05:29,568
[DEBUG Thread:Translator debuger.translate] - Getting response from Yandex server - 2016-09-19 11:05:29,568
[DEBUG Thread:Translator debuger.translate] - Yandex response was recieved - 2016-09-19 11:05:29,828
[DEBUG Thread:Translator debuger.getTranslation] - Trying to get content from Yandex respose - 2016-09-19 11:05:29,829
[DEBUG Thread:Translator debuger.translate] - Getting response from Yandex server - 2016-09-19 11:05:29,830
[DEBUG Thread:Translator debuger.translate] - Yandex response was recieved - 2016-09-19 11:05:29,970
[DEBUG Thread:Translator debuger.getTranslation] - Trying to get content from Yandex respose - 2016-09-19 11:05:29,970
[DEBUG Thread:Translator debuger.translate] - Getting response from Yandex server - 2016-09-19 11:05:29,970
[DEBUG Thread:Translator debuger.translate] - Yandex response was recieved - 2016-09-19 11:05:30,140
[DEBUG Thread:Translator debuger.getTranslation] - Trying to get content from Yandex respose - 2016-09-19 11:05:30,140
[DEBUG Thread:Translator debuger.translate] - Getting response from Yandex server - 2016-09-19 11:05:30,140
[DEBUG Thread:Translator debuger.translate] - Yandex response was recieved - 2016-09-19 11:05:30,271
[DEBUG Thread:Translator debuger.getTranslation] - Trying to get content from Yandex respose - 2016-09-19 11:05:30,271
[DEBUG Thread:Translator debuger.translate] - Getting response from Yandex server - 2016-09-19 11:05:30,272
[DEBUG Thread:Translator debuger.translate] - Yandex response was recieved - 2016-09-19 11:05:30,417
[DEBUG Thread:Translator debuger.getTranslation] - Trying to get content from Yandex respose - 2016-09-19 11:05:30,417
[DEBUG Thread:Translator debuger.setText] - Recognized and translated text was set - 2016-09-19 11:05:30,429
[DEBUG Thread:Translator debuger.setText] - Recognized and translated text was set - 2016-09-19 11:05:30,446
[DEBUG Thread:Translator debuger.setText] - Recognized and translated text was set - 2016-09-19 11:05:30,453
[DEBUG Thread:Translator debuger.setText] - Recognized and translated text was set - 2016-09-19 11:05:30,458
[DEBUG Thread:Translator debuger.setText] - Recognized and translated text was set - 2016-09-19 11:05:30,463
[DEBUG Thread:AWT-EventQueue-0 debuger.drop] - Opened file: C:\Users\mgazim\workspace\SpeechTranslator\samples\Korean_AA_CONFIRM_DEST_TO2.wav - 2016-09-19 11:05:31,532
[DEBUG Thread:AWT-EventQueue-0 debuger.actionPerformed] - Play button was clicked - 2016-09-19 11:05:34,213
[DEBUG Thread:AWT-EventQueue-0 debuger.actionPerformed] - Browse button was clicked - 2016-09-19 11:05:34,781
[DEBUG Thread:Java Sound Event Dispatcher debuger.update] - EventType=STOP close Clip object - 2016-09-19 11:05:34,976
[DEBUG Thread:AWT-EventQueue-0 debuger.actionPerformed] - Opened file: C:\Users\mgazim\workspace\SpeechTranslator\samples\Polish_YELLOW_ZONE_REJ1_VUI.wav - 2016-09-19 11:05:36,931
[DEBUG Thread:AWT-EventQueue-0 debuger.actionPerformed] - Play button was clicked - 2016-09-19 11:05:38,061
[DEBUG Thread:AWT-EventQueue-0 debuger.actionPerformed] - Translate button was clicked - 2016-09-19 11:05:40,734
[DEBUG Thread:Translator debuger.run] - Run translation thread - 2016-09-19 11:05:40,734
[DEBUG Thread:Translator debuger.run] - Recognition language set to pl-pl - 2016-09-19 11:05:40,740
[DEBUG Thread:Translator debuger.run] - Start of recognition process - 2016-09-19 11:05:40,740
[DEBUG Thread:Translator debuger.recognize] - recognize() method started - 2016-09-19 11:05:40,740
[DEBUG Thread:Translator debuger.sendRequest] - proxy02.merann.ru proxy used for connection, port 8080 - 2016-09-19 11:05:40,741
[DEBUG Thread:Translator debuger.sendRequest] - Got the response from Google server - 2016-09-19 11:05:41,257
[DEBUG Thread:Translator debuger.fromJsonToText] - Trying to get tent from the Google response - 2016-09-19 11:05:42,802
[DEBUG Thread:Translator debuger.run] - Start of translation process - 2016-09-19 11:05:42,802
[DEBUG Thread:Translator debuger.run] - Translation languages was set as pl-pl->en-uk - 2016-09-19 11:05:42,802
[DEBUG Thread:Translator debuger.translate] - Trying the translation - 2016-09-19 11:05:42,802
[DEBUG Thread:Translator debuger.translate] - proxy02.merann.ru proxy used for connection, port 8080 - 2016-09-19 11:05:42,802
[DEBUG Thread:Translator debuger.translate] - Getting response from Yandex server - 2016-09-19 11:05:42,802
[DEBUG Thread:Translator debuger.translate] - Yandex response was recieved - 2016-09-19 11:05:43,070
[DEBUG Thread:Translator debuger.getTranslation] - Trying to get content from Yandex respose - 2016-09-19 11:05:43,070
[DEBUG Thread:Translator debuger.translate] - Getting response from Yandex server - 2016-09-19 11:05:43,070
[DEBUG Thread:Translator debuger.translate] - Yandex response was recieved - 2016-09-19 11:05:43,273
[DEBUG Thread:Translator debuger.getTranslation] - Trying to get content from Yandex respose - 2016-09-19 11:05:43,273
[DEBUG Thread:Translator debuger.translate] - Getting response from Yandex server - 2016-09-19 11:05:43,273
[DEBUG Thread:Translator debuger.translate] - Yandex response was recieved - 2016-09-19 11:05:43,489
[DEBUG Thread:Translator debuger.getTranslation] - Trying to get content from Yandex respose - 2016-09-19 11:05:43,490
[DEBUG Thread:Translator debuger.translate] - Getting response from Yandex server - 2016-09-19 11:05:43,490
[DEBUG Thread:Translator debuger.translate] - Yandex response was recieved - 2016-09-19 11:05:43,695
[DEBUG Thread:Translator debuger.getTranslation] - Trying to get content from Yandex respose - 2016-09-19 11:05:43,695
[DEBUG Thread:Translator debuger.translate] - Getting response from Yandex server - 2016-09-19 11:05:43,696
[DEBUG Thread:Translator debuger.translate] - Yandex response was recieved - 2016-09-19 11:05:43,879
[DEBUG Thread:Translator debuger.getTranslation] - Trying to get content from Yandex respose - 2016-09-19 11:05:43,879
[DEBUG Thread:Translator debuger.setText] - Recognized and translated text was set - 2016-09-19 11:05:43,883
[DEBUG Thread:Translator debuger.setText] - Recognized and translated text was set - 2016-09-19 11:05:43,895
[DEBUG Thread:Translator debuger.setText] - Recognized and translated text was set - 2016-09-19 11:05:43,898
[DEBUG Thread:Translator debuger.setText] - Recognized and translated text was set - 2016-09-19 11:05:43,907
[DEBUG Thread:Translator debuger.setText] - Recognized and translated text was set - 2016-09-19 11:05:43,912
[DEBUG Thread:Java Sound Event Dispatcher debuger.update] - EventType=STOP close Clip object - 2016-09-19 11:05:45,564
[DEBUG Thread:Java Sound Event Dispatcher debuger.update] - EventType=STOP close Clip object - 2016-09-19 11:05:45,567
[DEBUG Thread:AWT-EventQueue-0 debuger.run] - GUI object was created - 2016-09-27 15:46:44,706
[DEBUG Thread:AWT-EventQueue-0 debuger.actionPerformed] - Browse button was clicked - 2016-09-27 15:46:47,307
[DEBUG Thread:AWT-EventQueue-0 debuger.actionPerformed] - Opened file: C:\Users\mgazim\Desktop\Arabic_AA_DISAMBIG_REJ1_ONE_CHOICE_VUI.wav - 2016-09-27 15:46:49,561
[DEBUG Thread:AWT-EventQueue-0 debuger.actionPerformed] - Play button was clicked - 2016-09-27 15:46:57,866
[DEBUG Thread:AWT-EventQueue-0 debuger.run] - GUI object was created - 2016-09-27 16:00:39,501
[DEBUG Thread:AWT-EventQueue-0 debuger.actionPerformed] - Browse button was clicked - 2016-09-27 16:00:41,978
[DEBUG Thread:AWT-EventQueue-0 debuger.actionPerformed] - Opened file: C:\Users\mgazim\workspace\SpeechTranslator\samples\bonjour-google.wav - 2016-09-27 16:00:46,744
[DEBUG Thread:AWT-EventQueue-0 debuger.actionPerformed] - Translate button was clicked - 2016-09-27 16:00:52,954
[DEBUG Thread:Translator debuger.run] - Run translation thread - 2016-09-27 16:00:52,959
[DEBUG Thread:Translator debuger.run] - Recognition language set to fr-fr - 2016-09-27 16:00:53,007
[DEBUG Thread:Translator debuger.run] - Start of recognition process - 2016-09-27 16:00:53,007
[DEBUG Thread:Translator debuger.recognize] - recognize() method started - 2016-09-27 16:00:53,007
[DEBUG Thread:Translator debuger.sendRequest] - proxy02.merann.ru proxy used for connection, port 8080 - 2016-09-27 16:00:53,020
[DEBUG Thread:Translator debuger.sendRequest] - Got the response from Google server - 2016-09-27 16:00:53,973
[DEBUG Thread:Translator debuger.fromJsonToText] - Trying to get tent from the Google response - 2016-09-27 16:01:11,706
[DEBUG Thread:Translator debuger.run] - Start of translation process - 2016-09-27 16:01:11,761
[DEBUG Thread:Translator debuger.run] - Translation languages was set as fr-fr->en-uk - 2016-09-27 16:01:11,763
[DEBUG Thread:Translator debuger.translate] - Trying the translation - 2016-09-27 16:01:11,763
[DEBUG Thread:Translator debuger.translate] - proxy02.merann.ru proxy used for connection, port 8080 - 2016-09-27 16:01:11,763
[DEBUG Thread:Translator debuger.translate] - Getting response from Yandex server - 2016-09-27 16:01:11,763
[DEBUG Thread:Translator debuger.translate] - Yandex response was recieved - 2016-09-27 16:01:12,207
[DEBUG Thread:Translator debuger.getTranslation] - Trying to get content from Yandex respose - 2016-09-27 16:01:12,208
[DEBUG Thread:Translator debuger.translate] - Getting response from Yandex server - 2016-09-27 16:01:12,209
[DEBUG Thread:Translator debuger.translate] - Yandex response was recieved - 2016-09-27 16:01:12,269
[DEBUG Thread:Translator debuger.getTranslation] - Trying to get content from Yandex respose - 2016-09-27 16:01:12,269
[DEBUG Thread:Translator debuger.setText] - Recognized and translated text was set - 2016-09-27 16:01:12,311
[DEBUG Thread:Translator debuger.setText] - Recognized and translated text was set - 2016-09-27 16:01:12,326
[DEBUG Thread:AWT-EventQueue-0 debuger.run] - GUI object was created - 2016-09-27 17:49:25,333
[DEBUG Thread:AWT-EventQueue-0 debuger.actionPerformed] - Browse button was clicked - 2016-09-27 17:49:26,241
[DEBUG Thread:AWT-EventQueue-0 debuger.actionPerformed] - Opened file: C:\Users\mgazim\Desktop\Arabic_AA_DISAMBIG_REJ1_ONE_CHOICE_VUI.wav - 2016-09-27 17:49:29,311
[DEBUG Thread:AWT-EventQueue-0 debuger.actionPerformed] - Translate button was clicked - 2016-09-27 17:49:33,144
[DEBUG Thread:Translator debuger.run] - Run translation thread - 2016-09-27 17:49:33,147
[DEBUG Thread:Translator debuger.run] - Recognition language set to ar-sa - 2016-09-27 17:49:33,184
[DEBUG Thread:Translator debuger.run] - Start of recognition process - 2016-09-27 17:49:33,184
[DEBUG Thread:Translator debuger.recognize] - recognize() method started - 2016-09-27 17:49:33,184
[DEBUG Thread:Translator debuger.<init>] - SplitPanel object initialization - 2016-09-27 17:49:34,001
[DEBUG Thread:Translator debuger.<init>] - WaveformPanelContainer object initialization - 2016-09-27 17:49:34,004
[DEBUG Thread:AWT-EventQueue-0 debuger.actionPerformed] - All split point was taken. Close dialog pane - 2016-09-27 17:49:36,933
[DEBUG Thread:Translator debuger.recognize] - Audio file was splited into 3 parts - 2016-09-27 17:49:36,957
[DEBUG Thread:Translator debuger.sendRequest] - proxy02.merann.ru proxy used for connection, port 8080 - 2016-09-27 17:49:36,960
[DEBUG Thread:Translator debuger.sendRequest] - Got the response from Google server - 2016-09-27 17:49:38,061
[DEBUG Thread:Translator debuger.fromJsonToText] - Trying to get tent from the Google response - 2016-09-27 17:49:39,998
[DEBUG Thread:Translator debuger.sendRequest] - proxy02.merann.ru proxy used for connection, port 8080 - 2016-09-27 17:49:40,014
[DEBUG Thread:Translator debuger.sendRequest] - Got the response from Google server - 2016-09-27 17:49:40,458
[DEBUG Thread:Translator debuger.fromJsonToText] - Trying to get tent from the Google response - 2016-09-27 17:49:42,688
[DEBUG Thread:Translator debuger.sendRequest] - proxy02.merann.ru proxy used for connection, port 8080 - 2016-09-27 17:49:42,688
[DEBUG Thread:Translator debuger.sendRequest] - Got the response from Google server - 2016-09-27 17:49:43,108
[DEBUG Thread:Translator debuger.fromJsonToText] - Trying to get tent from the Google response - 2016-09-27 17:49:44,629
[DEBUG Thread:AWT-EventQueue-0 debuger.run] - GUI object was created - 2016-09-27 17:51:42,309
[DEBUG Thread:AWT-EventQueue-0 debuger.actionPerformed] - Browse button was clicked - 2016-09-27 17:51:43,278
[DEBUG Thread:AWT-EventQueue-0 debuger.actionPerformed] - Opened file: C:\Users\mgazim\workspace\SpeechTranslator\samples\bonjour-google.wav - 2016-09-27 17:51:53,123
[DEBUG Thread:AWT-EventQueue-0 debuger.actionPerformed] - Translate button was clicked - 2016-09-27 17:51:56,597
[DEBUG Thread:Translator debuger.run] - Run translation thread - 2016-09-27 17:51:56,599
[DEBUG Thread:Translator debuger.run] - Recognition language set to fr-fr - 2016-09-27 17:51:56,621
[DEBUG Thread:Translator debuger.run] - Start of recognition process - 2016-09-27 17:51:56,621
[DEBUG Thread:Translator debuger.recognize] - recognize() method started - 2016-09-27 17:51:56,621
[DEBUG Thread:Translator debuger.sendRequest] - proxy02.merann.ru proxy used for connection, port 8080 - 2016-09-27 17:51:56,624
[DEBUG Thread:Translator debuger.sendRequest] - Got the response from Google server - 2016-09-27 17:51:57,410
[DEBUG Thread:Translator debuger.fromJsonToText] - Trying to get tent from the Google response - 2016-09-27 17:51:58,353
[DEBUG Thread:Translator debuger.run] - Start of translation process - 2016-09-27 17:51:58,370
[DEBUG Thread:Translator debuger.run] - Translation languages was set as fr-fr->en-uk - 2016-09-27 17:51:58,371
[DEBUG Thread:Translator debuger.translate] - Trying the translation - 2016-09-27 17:51:58,371
[DEBUG Thread:Translator debuger.translate] - proxy02.merann.ru proxy used for connection, port 8080 - 2016-09-27 17:51:58,371
[DEBUG Thread:Translator debuger.translate] - Getting response from Yandex server - 2016-09-27 17:51:58,371
[DEBUG Thread:Translator debuger.translate] - Yandex response was recieved - 2016-09-27 17:51:58,513
[DEBUG Thread:Translator debuger.getTranslation] - Trying to get content from Yandex respose - 2016-09-27 17:51:58,514
[DEBUG Thread:Translator debuger.translate] - Getting response from Yandex server - 2016-09-27 17:51:58,514
[DEBUG Thread:Translator debuger.translate] - Yandex response was recieved - 2016-09-27 17:51:58,562
[DEBUG Thread:Translator debuger.getTranslation] - Trying to get content from Yandex respose - 2016-09-27 17:51:58,563
[DEBUG Thread:Translator debuger.setText] - Recognized and translated text was set - 2016-09-27 17:51:58,575
[DEBUG Thread:Translator debuger.setText] - Recognized and translated text was set - 2016-09-27 17:51:58,589
[DEBUG Thread:AWT-EventQueue-0 debuger.actionPerformed] - Browse button was clicked - 2016-09-27 17:52:03,060
[DEBUG Thread:AWT-EventQueue-0 debuger.actionPerformed] - Opened file: C:\Users\mgazim\workspace\SpeechTranslator\samples\Korean_AA_CONFIRM_DEST_TO2.wav - 2016-09-27 17:52:05,105
[DEBUG Thread:AWT-EventQueue-0 debuger.actionPerformed] - Translate button was clicked - 2016-09-27 17:52:08,156
[DEBUG Thread:Translator debuger.run] - Run translation thread - 2016-09-27 17:52:08,156
[DEBUG Thread:Translator debuger.run] - Recognition language set to ko-kr - 2016-09-27 17:52:08,184
[DEBUG Thread:Translator debuger.run] - Start of recognition process - 2016-09-27 17:52:08,184
[DEBUG Thread:Translator debuger.recognize] - recognize() method started - 2016-09-27 17:52:08,184
[DEBUG Thread:Translator debuger.<init>] - SplitPanel object initialization - 2016-09-27 17:52:08,979
[DEBUG Thread:Translator debuger.<init>] - WaveformPanelContainer object initialization - 2016-09-27 17:52:08,981
[DEBUG Thread:AWT-EventQueue-0 debuger.actionPerformed] - All split point was taken. Close dialog pane - 2016-09-27 17:52:11,831
[DEBUG Thread:Translator debuger.recognize] - Audio file was splited into 2 parts - 2016-09-27 17:52:11,844
[DEBUG Thread:Translator debuger.sendRequest] - proxy02.merann.ru proxy used for connection, port 8080 - 2016-09-27 17:52:11,844
[DEBUG Thread:Translator debuger.sendRequest] - Got the response from Google server - 2016-09-27 17:52:12,388
[DEBUG Thread:Translator debuger.fromJsonToText] - Trying to get tent from the Google response - 2016-09-27 17:52:14,052
[DEBUG Thread:Translator debuger.sendRequest] - proxy02.merann.ru proxy used for connection, port 8080 - 2016-09-27 17:52:14,052
[DEBUG Thread:Translator debuger.sendRequest] - Got the response from Google server - 2016-09-27 17:52:14,484
[DEBUG Thread:Translator debuger.fromJsonToText] - Trying to get tent from the Google response - 2016-09-27 17:52:15,777
[DEBUG Thread:Translator debuger.run] - Start of translation process - 2016-09-27 17:52:15,782
[DEBUG Thread:Translator debuger.run] - Translation languages was set as ko-kr->en-uk - 2016-09-27 17:52:15,782
[DEBUG Thread:Translator debuger.translate] - Trying the translation - 2016-09-27 17:52:15,782
[DEBUG Thread:Translator debuger.translate] - proxy02.merann.ru proxy used for connection, port 8080 - 2016-09-27 17:52:15,782
[DEBUG Thread:Translator debuger.translate] - Getting response from Yandex server - 2016-09-27 17:52:15,782
[DEBUG Thread:Translator debuger.translate] - Yandex response was recieved - 2016-09-27 17:52:15,984
[DEBUG Thread:Translator debuger.getTranslation] - Trying to get content from Yandex respose - 2016-09-27 17:52:15,984
[DEBUG Thread:Translator debuger.translate] - Getting response from Yandex server - 2016-09-27 17:52:15,984
[DEBUG Thread:Translator debuger.translate] - Yandex response was recieved - 2016-09-27 17:52:16,171
[DEBUG Thread:Translator debuger.getTranslation] - Trying to get content from Yandex respose - 2016-09-27 17:52:16,172
[DEBUG Thread:Translator debuger.translate] - Getting response from Yandex server - 2016-09-27 17:52:16,172
[DEBUG Thread:Translator debuger.translate] - Yandex response was recieved - 2016-09-27 17:52:16,338
[DEBUG Thread:Translator debuger.getTranslation] - Trying to get content from Yandex respose - 2016-09-27 17:52:16,338
[DEBUG Thread:Translator debuger.translate] - Getting response from Yandex server - 2016-09-27 17:52:16,338
[DEBUG Thread:Translator debuger.translate] - Yandex response was recieved - 2016-09-27 17:52:16,638
[DEBUG Thread:Translator debuger.getTranslation] - Trying to get content from Yandex respose - 2016-09-27 17:52:16,639
[DEBUG Thread:Translator debuger.translate] - Getting response from Yandex server - 2016-09-27 17:52:16,639
[DEBUG Thread:Translator debuger.translate] - Yandex response was recieved - 2016-09-27 17:52:16,850
[DEBUG Thread:Translator debuger.getTranslation] - Trying to get content from Yandex respose - 2016-09-27 17:52:16,850
[DEBUG Thread:Translator debuger.setText] - Recognized and translated text was set - 2016-09-27 17:52:17,332
[DEBUG Thread:Translator debuger.setText] - Recognized and translated text was set - 2016-09-27 17:52:17,363
[DEBUG Thread:Translator debuger.setText] - Recognized and translated text was set - 2016-09-27 17:52:17,368
[DEBUG Thread:Translator debuger.setText] - Recognized and translated text was set - 2016-09-27 17:52:17,370
[DEBUG Thread:Translator debuger.setText] - Recognized and translated text was set - 2016-09-27 17:52:17,383
[DEBUG Thread:AWT-EventQueue-0 debuger.run] - GUI object was created - 2016-09-27 17:52:50,027
[DEBUG Thread:AWT-EventQueue-0 debuger.actionPerformed] - Browse button was clicked - 2016-09-27 17:52:51,498
[DEBUG Thread:AWT-EventQueue-0 debuger.actionPerformed] - Opened file: C:\Users\mgazim\workspace\SpeechTranslator\samples\bonjour-google.wav - 2016-09-27 17:52:57,400
[DEBUG Thread:AWT-EventQueue-0 debuger.actionPerformed] - Translate button was clicked - 2016-09-27 17:53:00,617
[DEBUG Thread:Translator debuger.run] - Run translation thread - 2016-09-27 17:53:00,620
[DEBUG Thread:Translator debuger.run] - Recognition language set to fr-fr - 2016-09-27 17:53:00,642
[DEBUG Thread:Translator debuger.run] - Start of recognition process - 2016-09-27 17:53:00,642
[DEBUG Thread:Translator debuger.recognize] - recognize() method started - 2016-09-27 17:53:00,642
[DEBUG Thread:Translator debuger.sendRequest] - proxy02.merann.ru proxy used for connection, port 8080 - 2016-09-27 17:53:00,645
[DEBUG Thread:Translator debuger.sendRequest] - Got the response from Google server - 2016-09-27 17:53:01,486
[DEBUG Thread:Translator debuger.fromJsonToText] - Trying to get tent from the Google response - 2016-09-27 17:53:02,468
[DEBUG Thread:Translator debuger.run] - Start of translation process - 2016-09-27 17:53:02,486
[DEBUG Thread:Translator debuger.run] - Translation languages was set as fr-fr->en-uk - 2016-09-27 17:53:02,487
[DEBUG Thread:Translator debuger.translate] - Trying the translation - 2016-09-27 17:53:02,487
[DEBUG Thread:Translator debuger.translate] - proxy02.merann.ru proxy used for connection, port 8080 - 2016-09-27 17:53:02,487
[DEBUG Thread:Translator debuger.translate] - Getting response from Yandex server - 2016-09-27 17:53:02,487
[DEBUG Thread:Translator debuger.translate] - Yandex response was recieved - 2016-09-27 17:53:02,608
[DEBUG Thread:Translator debuger.getTranslation] - Trying to get content from Yandex respose - 2016-09-27 17:53:02,609
[DEBUG Thread:Translator debuger.translate] - Getting response from Yandex server - 2016-09-27 17:53:02,609
[DEBUG Thread:Translator debuger.translate] - Yandex response was recieved - 2016-09-27 17:53:02,668
[DEBUG Thread:Translator debuger.getTranslation] - Trying to get content from Yandex respose - 2016-09-27 17:53:02,668
[DEBUG Thread:Translator debuger.setText] - Recognized and translated text was set - 2016-09-27 17:53:02,680
[DEBUG Thread:Translator debuger.setText] - Recognized and translated text was set - 2016-09-27 17:53:02,691
[DEBUG Thread:AWT-EventQueue-0 debuger.actionPerformed] - Browse button was clicked - 2016-09-27 17:53:10,337
[DEBUG Thread:AWT-EventQueue-0 debuger.actionPerformed] - Opened file: C:\Users\mgazim\workspace\SpeechTranslator\samples\Korean_AA_CONFIRM_DEST_TO2.wav - 2016-09-27 17:53:11,597
[DEBUG Thread:AWT-EventQueue-0 debuger.actionPerformed] - Translate button was clicked - 2016-09-27 17:53:15,553
[DEBUG Thread:Translator debuger.run] - Run translation thread - 2016-09-27 17:53:15,553
[DEBUG Thread:Translator debuger.run] - Recognition language set to ko-kr - 2016-09-27 17:53:15,571
[DEBUG Thread:Translator debuger.run] - Start of recognition process - 2016-09-27 17:53:15,572
[DEBUG Thread:Translator debuger.recognize] - recognize() method started - 2016-09-27 17:53:15,572
[DEBUG Thread:Translator debuger.<init>] - SplitPanel object initialization - 2016-09-27 17:53:16,552
[DEBUG Thread:Translator debuger.<init>] - WaveformPanelContainer object initialization - 2016-09-27 17:53:16,554
[DEBUG Thread:AWT-EventQueue-0 debuger.actionPerformed] - All split point was taken. Close dialog pane - 2016-09-27 17:53:18,580
[DEBUG Thread:Translator debuger.recognize] - Audio file was splited into 2 parts - 2016-09-27 17:53:18,593
[DEBUG Thread:Translator debuger.sendRequest] - proxy02.merann.ru proxy used for connection, port 8080 - 2016-09-27 17:53:18,593
[DEBUG Thread:Translator debuger.sendRequest] - Got the response from Google server - 2016-09-27 17:53:19,110
[DEBUG Thread:Translator debuger.fromJsonToText] - Trying to get tent from the Google response - 2016-09-27 17:53:20,662
[DEBUG Thread:Translator debuger.sendRequest] - proxy02.merann.ru proxy used for connection, port 8080 - 2016-09-27 17:53:20,663
[DEBUG Thread:Translator debuger.sendRequest] - Got the response from Google server - 2016-09-27 17:53:21,105
[DEBUG Thread:Translator debuger.fromJsonToText] - Trying to get tent from the Google response - 2016-09-27 17:53:22,491
[DEBUG Thread:Translator debuger.run] - Start of translation process - 2016-09-27 17:53:22,495
[DEBUG Thread:Translator debuger.run] - Translation languages was set as ko-kr->en-uk - 2016-09-27 17:53:22,495
[DEBUG Thread:Translator debuger.translate] - Trying the translation - 2016-09-27 17:53:22,495
[DEBUG Thread:Translator debuger.translate] - proxy02.merann.ru proxy used for connection, port 8080 - 2016-09-27 17:53:22,495
[DEBUG Thread:Translator debuger.translate] - Getting response from Yandex server - 2016-09-27 17:53:22,495
[DEBUG Thread:Translator debuger.translate] - Yandex response was recieved - 2016-09-27 17:53:22,665
[DEBUG Thread:Translator debuger.getTranslation] - Trying to get content from Yandex respose - 2016-09-27 17:53:22,666
[DEBUG Thread:Translator debuger.translate] - Getting response from Yandex server - 2016-09-27 17:53:22,666
[DEBUG Thread:Translator debuger.translate] - Yandex response was recieved - 2016-09-27 17:53:22,830
[DEBUG Thread:Translator debuger.getTranslation] - Trying to get content from Yandex respose - 2016-09-27 17:53:22,830
[DEBUG Thread:Translator debuger.translate] - Getting response from Yandex server - 2016-09-27 17:53:22,831
[DEBUG Thread:Translator debuger.translate] - Yandex response was recieved - 2016-09-27 17:53:23,058
[DEBUG Thread:Translator debuger.getTranslation] - Trying to get content from Yandex respose - 2016-09-27 17:53:23,058
[DEBUG Thread:Translator debuger.translate] - Getting response from Yandex server - 2016-09-27 17:53:23,058
[DEBUG Thread:Translator debuger.translate] - Yandex response was recieved - 2016-09-27 17:53:23,235
[DEBUG Thread:Translator debuger.getTranslation] - Trying to get content from Yandex respose - 2016-09-27 17:53:23,235
[DEBUG Thread:Translator debuger.translate] - Getting response from Yandex server - 2016-09-27 17:53:23,235
[DEBUG Thread:Translator debuger.translate] - Yandex response was recieved - 2016-09-27 17:53:23,486
[DEBUG Thread:Translator debuger.getTranslation] - Trying to get content from Yandex respose - 2016-09-27 17:53:23,486
[DEBUG Thread:Translator debuger.setText] - Recognized and translated text was set - 2016-09-27 17:53:23,536
[DEBUG Thread:Translator debuger.setText] - Recognized and translated text was set - 2016-09-27 17:53:23,546
[DEBUG Thread:Translator debuger.setText] - Recognized and translated text was set - 2016-09-27 17:53:23,551
[DEBUG Thread:Translator debuger.setText] - Recognized and translated text was set - 2016-09-27 17:53:23,553
[DEBUG Thread:Translator debuger.setText] - Recognized and translated text was set - 2016-09-27 17:53:23,555
[DEBUG Thread:AWT-EventQueue-0 debuger.actionPerformed] - Browse button was clicked - 2016-09-27 17:53:31,232
[DEBUG Thread:AWT-EventQueue-0 debuger.actionPerformed] - Opened file: C:\Users\mgazim\workspace\SpeechTranslator\samples\Arabic_AA_DISAMBIG_REJ1_ONE_CHOICE_VUI.wav - 2016-09-27 17:53:34,284
[DEBUG Thread:AWT-EventQueue-0 debuger.actionPerformed] - Translate button was clicked - 2016-09-27 17:53:36,864
[DEBUG Thread:Translator debuger.run] - Run translation thread - 2016-09-27 17:53:36,865
[DEBUG Thread:Translator debuger.run] - Recognition language set to ar-sa - 2016-09-27 17:53:36,887
[DEBUG Thread:Translator debuger.run] - Start of recognition process - 2016-09-27 17:53:36,887
[DEBUG Thread:Translator debuger.recognize] - recognize() method started - 2016-09-27 17:53:36,887
[DEBUG Thread:Translator debuger.<init>] - SplitPanel object initialization - 2016-09-27 17:53:37,701
[DEBUG Thread:Translator debuger.<init>] - WaveformPanelContainer object initialization - 2016-09-27 17:53:37,703
[DEBUG Thread:AWT-EventQueue-0 debuger.actionPerformed] - All split point was taken. Close dialog pane - 2016-09-27 17:53:40,931
[DEBUG Thread:Translator debuger.recognize] - Audio file was splited into 3 parts - 2016-09-27 17:53:40,946
[DEBUG Thread:Translator debuger.sendRequest] - proxy02.merann.ru proxy used for connection, port 8080 - 2016-09-27 17:53:40,946
[DEBUG Thread:Translator debuger.sendRequest] - Got the response from Google server - 2016-09-27 17:53:41,445
[DEBUG Thread:Translator debuger.fromJsonToText] - Trying to get tent from the Google response - 2016-09-27 17:53:43,403
[DEBUG Thread:Translator debuger.sendRequest] - proxy02.merann.ru proxy used for connection, port 8080 - 2016-09-27 17:53:43,403
[DEBUG Thread:Translator debuger.sendRequest] - Got the response from Google server - 2016-09-27 17:53:43,742
[DEBUG Thread:Translator debuger.fromJsonToText] - Trying to get tent from the Google response - 2016-09-27 17:53:45,770
[DEBUG Thread:Translator debuger.sendRequest] - proxy02.merann.ru proxy used for connection, port 8080 - 2016-09-27 17:53:45,770
[DEBUG Thread:Translator debuger.sendRequest] - Got the response from Google server - 2016-09-27 17:53:46,195
[DEBUG Thread:Translator debuger.fromJsonToText] - Trying to get tent from the Google response - 2016-09-27 17:53:48,042
[DEBUG Thread:Translator debuger.run] - Start of translation process - 2016-09-27 17:53:48,043
[DEBUG Thread:Translator debuger.run] - Translation languages was set as ar-sa->en-uk - 2016-09-27 17:53:48,043
[DEBUG Thread:Translator debuger.translate] - Trying the translation - 2016-09-27 17:53:48,043
[DEBUG Thread:Translator debuger.translate] - proxy02.merann.ru proxy used for connection, port 8080 - 2016-09-27 17:53:48,043
[DEBUG Thread:Translator debuger.translate] - Getting response from Yandex server - 2016-09-27 17:53:48,043
[DEBUG Thread:Translator debuger.translate] - Yandex response was recieved - 2016-09-27 17:53:48,122
[DEBUG Thread:Translator debuger.getTranslation] - Trying to get content from Yandex respose - 2016-09-27 17:53:48,122
[DEBUG Thread:Translator debuger.translate] - Getting response from Yandex server - 2016-09-27 17:53:48,122
[DEBUG Thread:Translator debuger.translate] - Yandex response was recieved - 2016-09-27 17:53:48,217
[DEBUG Thread:Translator debuger.getTranslation] - Trying to get content from Yandex respose - 2016-09-27 17:53:48,219
[DEBUG Thread:Translator debuger.translate] - Getting response from Yandex server - 2016-09-27 17:53:48,219
[DEBUG Thread:Translator debuger.translate] - Yandex response was recieved - 2016-09-27 17:53:48,349
[DEBUG Thread:Translator debuger.getTranslation] - Trying to get content from Yandex respose - 2016-09-27 17:53:48,350
[DEBUG Thread:Translator debuger.translate] - Getting response from Yandex server - 2016-09-27 17:53:48,350
[DEBUG Thread:Translator debuger.translate] - Yandex response was recieved - 2016-09-27 17:53:48,441
[DEBUG Thread:Translator debuger.getTranslation] - Trying to get content from Yandex respose - 2016-09-27 17:53:48,441
[DEBUG Thread:Translator debuger.translate] - Getting response from Yandex server - 2016-09-27 17:53:48,441
[DEBUG Thread:Translator debuger.translate] - Yandex response was recieved - 2016-09-27 17:53:48,536
[DEBUG Thread:Translator debuger.getTranslation] - Trying to get content from Yandex respose - 2016-09-27 17:53:48,536
[DEBUG Thread:Translator debuger.setText] - Recognized and translated text was set - 2016-09-27 17:53:48,787
[DEBUG Thread:Translator debuger.setText] - Recognized and translated text was set - 2016-09-27 17:53:48,833
[DEBUG Thread:Translator debuger.setText] - Recognized and translated text was set - 2016-09-27 17:53:48,850
[DEBUG Thread:Translator debuger.setText] - Recognized and translated text was set - 2016-09-27 17:53:48,865
[DEBUG Thread:Translator debuger.setText] - Recognized and translated text was set - 2016-09-27 17:53:48,879
[DEBUG Thread:AWT-EventQueue-0 debuger.actionPerformed] - Translate button was clicked - 2016-09-27 17:54:02,271
[DEBUG Thread:Translator debuger.run] - Run translation thread - 2016-09-27 17:54:02,272
[DEBUG Thread:Translator debuger.run] - Recognition language set to ar-sa - 2016-09-27 17:54:02,276
[DEBUG Thread:Translator debuger.run] - Old RecognizedVoiceObject object was used - 2016-09-27 17:54:02,276
[DEBUG Thread:Translator debuger.run] - Start of translation process - 2016-09-27 17:54:02,276
[DEBUG Thread:Translator debuger.run] - Translation languages was set as ar-sa->ru-ru - 2016-09-27 17:54:02,276
[DEBUG Thread:Translator debuger.translate] - Trying the translation - 2016-09-27 17:54:02,276
[DEBUG Thread:Translator debuger.translate] - proxy02.merann.ru proxy used for connection, port 8080 - 2016-09-27 17:54:02,276
[DEBUG Thread:Translator debuger.translate] - Getting response from Yandex server - 2016-09-27 17:54:02,277
[DEBUG Thread:Translator debuger.translate] - Yandex response was recieved - 2016-09-27 17:54:02,398
[DEBUG Thread:Translator debuger.getTranslation] - Trying to get content from Yandex respose - 2016-09-27 17:54:02,398
[DEBUG Thread:Translator debuger.translate] - Getting response from Yandex server - 2016-09-27 17:54:02,398
[DEBUG Thread:Translator debuger.translate] - Yandex response was recieved - 2016-09-27 17:54:02,544
[DEBUG Thread:Translator debuger.getTranslation] - Trying to get content from Yandex respose - 2016-09-27 17:54:02,544
[DEBUG Thread:Translator debuger.translate] - Getting response from Yandex server - 2016-09-27 17:54:02,544
[DEBUG Thread:Translator debuger.translate] - Yandex response was recieved - 2016-09-27 17:54:02,697
[DEBUG Thread:Translator debuger.getTranslation] - Trying to get content from Yandex respose - 2016-09-27 17:54:02,697
[DEBUG Thread:Translator debuger.translate] - Getting response from Yandex server - 2016-09-27 17:54:02,698
[DEBUG Thread:Translator debuger.translate] - Yandex response was recieved - 2016-09-27 17:54:02,843
[DEBUG Thread:Translator debuger.getTranslation] - Trying to get content from Yandex respose - 2016-09-27 17:54:02,843
[DEBUG Thread:Translator debuger.translate] - Getting response from Yandex server - 2016-09-27 17:54:02,843
[DEBUG Thread:Translator debuger.translate] - Yandex response was recieved - 2016-09-27 17:54:02,980
[DEBUG Thread:Translator debuger.getTranslation] - Trying to get content from Yandex respose - 2016-09-27 17:54:02,980
[DEBUG Thread:Translator debuger.setText] - Recognized and translated text was set - 2016-09-27 17:54:02,991
[DEBUG Thread:Translator debuger.setText] - Recognized and translated text was set - 2016-09-27 17:54:03,022
[DEBUG Thread:Translator debuger.setText] - Recognized and translated text was set - 2016-09-27 17:54:03,036
[DEBUG Thread:Translator debuger.setText] - Recognized and translated text was set - 2016-09-27 17:54:03,049
[DEBUG Thread:Translator debuger.setText] - Recognized and translated text was set - 2016-09-27 17:54:03,064
[DEBUG Thread:AWT-EventQueue-0 debuger.run] - GUI object was created - 2016-09-27 17:54:23,159
[DEBUG Thread:AWT-EventQueue-0 debuger.actionPerformed] - Browse button was clicked - 2016-09-27 17:54:24,406
[DEBUG Thread:AWT-EventQueue-0 debuger.actionPerformed] - Opened file: C:\Users\mgazim\Desktop\Arabic_AA_DISAMBIG_REJ1_ONE_CHOICE_VUI.wav - 2016-09-27 17:54:26,452
[DEBUG Thread:AWT-EventQueue-0 debuger.actionPerformed] - Translate button was clicked - 2016-09-27 17:54:31,646
[DEBUG Thread:Translator debuger.run] - Run translation thread - 2016-09-27 17:54:31,649
[DEBUG Thread:Translator debuger.run] - Recognition language set to ar-sa - 2016-09-27 17:54:31,682
[DEBUG Thread:Translator debuger.run] - Start of recognition process - 2016-09-27 17:54:31,682
[DEBUG Thread:Translator debuger.recognize] - recognize() method started - 2016-09-27 17:54:31,682
[DEBUG Thread:Translator debuger.<init>] - SplitPanel object initialization - 2016-09-27 17:54:32,526
[DEBUG Thread:Translator debuger.<init>] - WaveformPanelContainer object initialization - 2016-09-27 17:54:32,529
[DEBUG Thread:AWT-EventQueue-0 debuger.actionPerformed] - All split point was taken. Close dialog pane - 2016-09-27 17:54:34,770
[DEBUG Thread:Translator debuger.recognize] - Audio file was splited into 3 parts - 2016-09-27 17:54:34,794
[DEBUG Thread:Translator debuger.sendRequest] - proxy02.merann.ru proxy used for connection, port 8080 - 2016-09-27 17:54:34,797
[DEBUG Thread:Translator debuger.sendRequest] - Got the response from Google server - 2016-09-27 17:54:35,873
[DEBUG Thread:Translator debuger.fromJsonToText] - Trying to get tent from the Google response - 2016-09-27 17:54:37,972
[DEBUG Thread:Translator debuger.sendRequest] - proxy02.merann.ru proxy used for connection, port 8080 - 2016-09-27 17:54:37,988
[DEBUG Thread:Translator debuger.sendRequest] - Got the response from Google server - 2016-09-27 17:54:38,412
[DEBUG Thread:Translator debuger.fromJsonToText] - Trying to get tent from the Google response - 2016-09-27 17:54:41,435
[DEBUG Thread:Translator debuger.sendRequest] - proxy02.merann.ru proxy used for connection, port 8080 - 2016-09-27 17:54:41,435
[DEBUG Thread:Translator debuger.sendRequest] - Got the response from Google server - 2016-09-27 17:54:41,876
[DEBUG Thread:Translator debuger.fromJsonToText] - Trying to get tent from the Google response - 2016-09-27 17:54:43,718
[DEBUG Thread:Translator debuger.run] - Start of translation process - 2016-09-27 17:54:43,722
[DEBUG Thread:Translator debuger.run] - Translation languages was set as ar-sa->ru-ru - 2016-09-27 17:54:43,723
[DEBUG Thread:Translator debuger.translate] - Trying the translation - 2016-09-27 17:54:43,723
[DEBUG Thread:Translator debuger.translate] - proxy02.merann.ru proxy used for connection, port 8080 - 2016-09-27 17:54:43,723
[DEBUG Thread:Translator debuger.translate] - Getting response from Yandex server - 2016-09-27 17:54:43,723
[DEBUG Thread:Translator debuger.translate] - Yandex response was recieved - 2016-09-27 17:54:43,950
[DEBUG Thread:Translator debuger.getTranslation] - Trying to get content from Yandex respose - 2016-09-27 17:54:43,951
[DEBUG Thread:Translator debuger.translate] - Getting response from Yandex server - 2016-09-27 17:54:43,952
[DEBUG Thread:Translator debuger.translate] - Yandex response was recieved - 2016-09-27 17:54:44,076
[DEBUG Thread:Translator debuger.getTranslation] - Trying to get content from Yandex respose - 2016-09-27 17:54:44,076
[DEBUG Thread:Translator debuger.translate] - Getting response from Yandex server - 2016-09-27 17:54:44,076
[DEBUG Thread:Translator debuger.translate] - Yandex response was recieved - 2016-09-27 17:54:44,224
[DEBUG Thread:Translator debuger.getTranslation] - Trying to get content from Yandex respose - 2016-09-27 17:54:44,224
[DEBUG Thread:Translator debuger.translate] - Getting response from Yandex server - 2016-09-27 17:54:44,224
[DEBUG Thread:Translator debuger.translate] - Yandex response was recieved - 2016-09-27 17:54:44,353
[DEBUG Thread:Translator debuger.getTranslation] - Trying to get content from Yandex respose - 2016-09-27 17:54:44,353
[DEBUG Thread:Translator debuger.translate] - Getting response from Yandex server - 2016-09-27 17:54:44,353
[DEBUG Thread:Translator debuger.translate] - Yandex response was recieved - 2016-09-27 17:54:44,492
[DEBUG Thread:Translator debuger.getTranslation] - Trying to get content from Yandex respose - 2016-09-27 17:54:44,492
[DEBUG Thread:Translator debuger.setText] - Recognized and translated text was set - 2016-09-27 17:54:44,518
[DEBUG Thread:Translator debuger.setText] - Recognized and translated text was set - 2016-09-27 17:54:44,562
[DEBUG Thread:Translator debuger.setText] - Recognized and translated text was set - 2016-09-27 17:54:44,579
[DEBUG Thread:Translator debuger.setText] - Recognized and translated text was set - 2016-09-27 17:54:44,595
[DEBUG Thread:Translator debuger.setText] - Recognized and translated text was set - 2016-09-27 17:54:44,609
[DEBUG Thread:AWT-EventQueue-0 debuger.run] - GUI object was created - 2016-09-27 18:02:13,618
[DEBUG Thread:AWT-EventQueue-0 debuger.actionPerformed] - Browse button was clicked - 2016-09-27 18:02:14,747
[DEBUG Thread:AWT-EventQueue-0 debuger.actionPerformed] - Opened file: C:\Users\mgazim\Desktop\Arabic_AA_DISAMBIG_REJ1_ONE_CHOICE_VUI.wav - 2016-09-27 18:02:16,728
[DEBUG Thread:AWT-EventQueue-0 debuger.actionPerformed] - Translate button was clicked - 2016-09-27 18:02:17,715
[DEBUG Thread:Translator debuger.run] - Run translation thread - 2016-09-27 18:02:17,718
[DEBUG Thread:Translator debuger.run] - Recognition language set to ar-sa - 2016-09-27 18:02:17,756
[DEBUG Thread:Translator debuger.run] - Start of recognition process - 2016-09-27 18:02:17,756
[DEBUG Thread:Translator debuger.recognize] - recognize() method started - 2016-09-27 18:02:17,756
[DEBUG Thread:Translator debuger.<init>] - SplitPanel object initialization - 2016-09-27 18:02:18,588
[DEBUG Thread:Translator debuger.<init>] - WaveformPanelContainer object initialization - 2016-09-27 18:02:18,590
[DEBUG Thread:AWT-EventQueue-0 debuger.actionPerformed] - All split point was taken. Close dialog pane - 2016-09-27 18:02:20,899
[DEBUG Thread:Translator debuger.recognize] - Audio file was splited into 3 parts - 2016-09-27 18:02:20,923
[DEBUG Thread:Translator debuger.sendRequest] - proxy02.merann.ru proxy used for connection, port 8080 - 2016-09-27 18:02:20,927
[DEBUG Thread:Translator debuger.sendRequest] - Got the response from Google server - 2016-09-27 18:02:22,069
[DEBUG Thread:Translator debuger.fromJsonToText] - Trying to get tent from the Google response - 2016-09-27 18:02:23,749
[DEBUG Thread:Translator debuger.sendRequest] - proxy02.merann.ru proxy used for connection, port 8080 - 2016-09-27 18:02:23,765
[DEBUG Thread:Translator debuger.sendRequest] - Got the response from Google server - 2016-09-27 18:02:24,138
[DEBUG Thread:Translator debuger.fromJsonToText] - Trying to get tent from the Google response - 2016-09-27 18:02:26,529
[DEBUG Thread:Translator debuger.sendRequest] - proxy02.merann.ru proxy used for connection, port 8080 - 2016-09-27 18:02:26,529
[DEBUG Thread:Translator debuger.sendRequest] - Got the response from Google server - 2016-09-27 18:02:26,956
[DEBUG Thread:Translator debuger.fromJsonToText] - Trying to get tent from the Google response - 2016-09-27 18:02:29,153
[DEBUG Thread:Translator debuger.run] - Start of translation process - 2016-09-27 18:02:29,157
[DEBUG Thread:Translator debuger.run] - Translation languages was set as ar-sa->en-uk - 2016-09-27 18:02:29,158
[DEBUG Thread:Translator debuger.translate] - Trying the translation - 2016-09-27 18:02:29,158
[DEBUG Thread:Translator debuger.translate] - proxy02.merann.ru proxy used for connection, port 8080 - 2016-09-27 18:02:29,159
[DEBUG Thread:Translator debuger.translate] - Getting response from Yandex server - 2016-09-27 18:02:29,159
[DEBUG Thread:Translator debuger.translate] - Yandex response was recieved - 2016-09-27 18:02:29,352
[DEBUG Thread:Translator debuger.getTranslation] - Trying to get content from Yandex respose - 2016-09-27 18:02:29,353
[DEBUG Thread:Translator debuger.translate] - Getting response from Yandex server - 2016-09-27 18:02:29,353
[DEBUG Thread:Translator debuger.translate] - Yandex response was recieved - 2016-09-27 18:02:29,435
[DEBUG Thread:Translator debuger.getTranslation] - Trying to get content from Yandex respose - 2016-09-27 18:02:29,436
[DEBUG Thread:Translator debuger.translate] - Getting response from Yandex server - 2016-09-27 18:02:29,436
[DEBUG Thread:Translator debuger.translate] - Yandex response was recieved - 2016-09-27 18:02:29,682
[DEBUG Thread:Translator debuger.getTranslation] - Trying to get content from Yandex respose - 2016-09-27 18:02:29,682
[DEBUG Thread:Translator debuger.translate] - Getting response from Yandex server - 2016-09-27 18:02:29,682
[DEBUG Thread:Translator debuger.translate] - Yandex response was recieved - 2016-09-27 18:02:29,806
[DEBUG Thread:Translator debuger.getTranslation] - Trying to get content from Yandex respose - 2016-09-27 18:02:29,806
[DEBUG Thread:Translator debuger.translate] - Getting response from Yandex server - 2016-09-27 18:02:29,806
[DEBUG Thread:Translator debuger.translate] - Yandex response was recieved - 2016-09-27 18:02:29,906
[DEBUG Thread:Translator debuger.getTranslation] - Trying to get content from Yandex respose - 2016-09-27 18:02:29,907
[DEBUG Thread:Translator debuger.setText] - Recognized and translated text was set - 2016-09-27 18:02:29,933
[DEBUG Thread:Translator debuger.setText] - Recognized and translated text was set - 2016-09-27 18:02:29,972
[DEBUG Thread:Translator debuger.setText] - Recognized and translated text was set - 2016-09-27 18:02:29,988
[DEBUG Thread:Translator debuger.setText] - Recognized and translated text was set - 2016-09-27 18:02:30,004
[DEBUG Thread:Translator debuger.setText] - Recognized and translated text was set - 2016-09-27 18:02:30,019
